android/tencent_short_video/lib_tcvideoediter/build/intermediates/manifest_merge_blame_file/debug/manifest-merger-blame-debug-report.txt
1<?xml version="1.0" encoding="utf-8"?>
2<manifest xmlns:android="http://schemas.android.com/apk/res/android"
3    package="com.tencent.liteav.demo.videoediter"
4    android:versionCode="1"
5    android:versionName="1.0" >
6
7    <uses-sdk
8        android:minSdkVersion="19"
8-->src\main\AndroidManifest.xml
9        android:targetSdkVersion="29" />
9-->src\main\AndroidManifest.xml
10
11    <application>
11-->src\main\AndroidManifest.xml:7:5-41:19
12        <activity
12-->src\main\AndroidManifest.xml:8:9-10:52
13            android:name="com.tencent.liteav.demo.videoediter.TCVideoEditChooseActivity"
13-->src\main\AndroidManifest.xml:9:13-54
14            android:screenOrientation="portrait" />
14-->src\main\AndroidManifest.xml:10:13-49
15        <activity
15-->src\main\AndroidManifest.xml:11:9-21:20
16            android:name="com.tencent.liteav.demo.videoediter.TCVideoPreprocessActivity"
16-->src\main\AndroidManifest.xml:12:13-54
17            android:launchMode="singleTop"
17-->src\main\AndroidManifest.xml:13:13-43
18            android:screenOrientation="portrait" >
18-->src\main\AndroidManifest.xml:14:13-49
19            <intent-filter>
19-->src\main\AndroidManifest.xml:15:13-20:29
20                <action android:name="com.tencent.liteav.demo.videopreprocess" />
20-->src\main\AndroidManifest.xml:16:17-82
20-->src\main\AndroidManifest.xml:16:25-79
21                <action android:name="android.intent.action.MAIN" />
21-->src\main\AndroidManifest.xml:17:17-69
21-->src\main\AndroidManifest.xml:17:25-66
22
23                <category android:name="android.intent.category.DEFAULT" />
23-->src\main\AndroidManifest.xml:19:17-76
23-->src\main\AndroidManifest.xml:19:27-73
24            </intent-filter>
25        </activity>
26        <activity
26-->src\main\AndroidManifest.xml:23:9-33:20
27            android:name="com.tencent.liteav.demo.videoediter.TCVideoEditerActivity"
27-->src\main\AndroidManifest.xml:24:13-50
28            android:launchMode="singleTop"
28-->src\main\AndroidManifest.xml:25:13-43
29            android:screenOrientation="portrait" >
29-->src\main\AndroidManifest.xml:26:13-49
30            <intent-filter>
30-->src\main\AndroidManifest.xml:27:13-32:29
31                <action android:name="com.tencent.liteav.demo.videoediter" />
31-->src\main\AndroidManifest.xml:28:17-78
31-->src\main\AndroidManifest.xml:28:25-75
32                <action android:name="android.intent.action.MAIN" />
32-->src\main\AndroidManifest.xml:17:17-69
32-->src\main\AndroidManifest.xml:17:25-66
33
34                <category android:name="android.intent.category.DEFAULT" />
34-->src\main\AndroidManifest.xml:19:17-76
34-->src\main\AndroidManifest.xml:19:27-73
35            </intent-filter>
36        </activity>
37        <activity
37-->src\main\AndroidManifest.xml:34:9-36:52
38            android:name="com.tencent.liteav.demo.videoediter.paster.TCPasterActivity"
38-->src\main\AndroidManifest.xml:35:13-52
39            android:screenOrientation="portrait" />
39-->src\main\AndroidManifest.xml:36:13-49
40        <activity
40-->src\main\AndroidManifest.xml:37:9-40:68
41            android:name="com.tencent.liteav.demo.videoediter.bubble.TCWordEditActivity"
41-->src\main\AndroidManifest.xml:38:13-54
42            android:screenOrientation="portrait"
42-->src\main\AndroidManifest.xml:39:13-49
43            android:windowSoftInputMode="adjustResize|adjustPan" />
43-->src\main\AndroidManifest.xml:40:13-65
44    </application>
45
46</manifest>